/data1/home/groups/readgp/nyc-subway-anthrax-study/data/05-custom-bcg-assay/data//bcg-sims-jellyfish/ba-0.25x-kmer-by-sample.txt
/data1/home/groups/readgp/nyc-subway-anthrax-study/data/05-custom-bcg-assay/data//bcg-sims-jellyfish/ba-0.25x-kmer-counts.txt
/data1/home/groups/readgp/nyc-subway-anthrax-study/data/05-custom-bcg-assay/data//bcg-sims-jellyfish/ba-0.25x-kmer-stats.txt
/data1/home/groups/readgp/nyc-subway-anthrax-study/data/05-custom-bcg-assay/data//bcg-sims-jellyfish/ba-0.5x-kmer-by-sample.txt
/data1/home/groups/readgp/nyc-subway-anthrax-study/data/05-custom-bcg-assay/data//bcg-sims-jellyfish/ba-0.5x-kmer-counts.txt
/data1/home/groups/readgp/nyc-subway-anthrax-study/data/05-custom-bcg-assay/data//bcg-sims-jellyfish/ba-0.5x-kmer-stats.txt
/data1/home/groups/readgp/nyc-subway-anthrax-study/data/05-custom-bcg-assay/data//bcg-sims-jellyfish/ba-100x-kmer-by-sample.txt
/data1/home/groups/readgp/nyc-subway-anthrax-study/data/05-custom-bcg-assay/data//bcg-sims-jellyfish/ba-100x-kmer-counts.txt
/data1/home/groups/readgp/nyc-subway-anthrax-study/data/05-custom-bcg-assay/data//bcg-sims-jellyfish/ba-100x-kmer-stats.txt
/data1/home/groups/readgp/nyc-subway-anthrax-study/data/05-custom-bcg-assay/data//bcg-sims-jellyfish/ba-10x-kmer-by-sample.txt
/data1/home/groups/readgp/nyc-subway-anthrax-study/data/05-custom-bcg-assay/data//bcg-sims-jellyfish/ba-10x-kmer-counts.txt
/data1/home/groups/readgp/nyc-subway-anthrax-study/data/05-custom-bcg-assay/data//bcg-sims-jellyfish/ba-10x-kmer-stats.txt
/data1/home/groups/readgp/nyc-subway-anthrax-study/data/05-custom-bcg-assay/data//bcg-sims-jellyfish/ba-1x-kmer-by-sample.txt
/data1/home/groups/readgp/nyc-subway-anthrax-study/data/05-custom-bcg-assay/data//bcg-sims-jellyfish/ba-1x-kmer-counts.txt
/data1/home/groups/readgp/nyc-subway-anthrax-study/data/05-custom-bcg-assay/data//bcg-sims-jellyfish/ba-1x-kmer-stats.txt
/data1/home/groups/readgp/nyc-subway-anthrax-study/data/05-custom-bcg-assay/data//bcg-sims-jellyfish/ba-25x-kmer-by-sample.txt
/data1/home/groups/readgp/nyc-subway-anthrax-study/data/05-custom-bcg-assay/data//bcg-sims-jellyfish/ba-25x-kmer-counts.txt
/data1/home/groups/readgp/nyc-subway-anthrax-study/data/05-custom-bcg-assay/data//bcg-sims-jellyfish/ba-25x-kmer-stats.txt
/data1/home/groups/readgp/nyc-subway-anthrax-study/data/05-custom-bcg-assay/data//bcg-sims-jellyfish/ba-50x-kmer-by-sample.txt
/data1/home/groups/readgp/nyc-subway-anthrax-study/data/05-custom-bcg-assay/data//bcg-sims-jellyfish/ba-50x-kmer-counts.txt
/data1/home/groups/readgp/nyc-subway-anthrax-study/data/05-custom-bcg-assay/data//bcg-sims-jellyfish/ba-50x-kmer-stats.txt
/data1/home/groups/readgp/nyc-subway-anthrax-study/data/05-custom-bcg-assay/data//bcg-sims-jellyfish/ba-5x-kmer-by-sample.txt
/data1/home/groups/readgp/nyc-subway-anthrax-study/data/05-custom-bcg-assay/data//bcg-sims-jellyfish/ba-5x-kmer-counts.txt
/data1/home/groups/readgp/nyc-subway-anthrax-study/data/05-custom-bcg-assay/data//bcg-sims-jellyfish/ba-5x-kmer-stats.txt
